<html>
<head>
<title>TestNG:  Test</title>
<link href="../testng.css" rel="stylesheet" type="text/css" />
<link href="../my-testng.css" rel="stylesheet" type="text/css" />

<style type="text/css">
.log { display: none;} 
.stack-trace { display: none;} 
</style>
<script type="text/javascript">
<!--
function flip(e) {
  current = e.style.display;
  if (current == 'block') {
    e.style.display = 'none';
    return 0;
  }
  else {
    e.style.display = 'block';
    return 1;
  }
}

function toggleBox(szDivId, elem, msg1, msg2)
{
  var res = -1;  if (document.getElementById) {
    res = flip(document.getElementById(szDivId));
  }
  else if (document.all) {
    // this is the way old msie versions work
    res = flip(document.all[szDivId]);
  }
  if(elem) {
    if(res == 0) elem.innerHTML = msg1; else elem.innerHTML = msg2;
  }

}

function toggleAllBoxes() {
  if (document.getElementsByTagName) {
    d = document.getElementsByTagName('div');
    for (i = 0; i < d.length; i++) {
      if (d[i].className == 'log') {
        flip(d[i]);
      }
    }
  }
}

// -->
</script>

</head>
<body>
<h2 align='center'>Test</h2><table border='1' align="center">
<tr>
<td>Tests passed/Failed/Skipped:</td><td>13/1/0</td>
</tr><tr>
<td>Started on:</td><td>Wed Jul 08 16:25:47 IST 2020</td>
</tr>
<tr><td>Total time:</td><td>29 seconds (29866 ms)</td>
</tr><tr>
<td>Included groups:</td><td></td>
</tr><tr>
<td>Excluded groups:</td><td></td>
</tr>
</table><p/>
<small><i>(Hover the method name to see the test class name)</i></small><p/>
<table width='100%' border='1' class='invocation-failed'>
<tr><td colspan='4' align='center'><b>FAILED TESTS</b></td></tr>
<tr><td><b>Test method</b></td>
<td width="30%"><b>Exception</b></td>
<td width="10%"><b>Time (seconds)</b></td>
<td><b>Instance</b></td>
</tr>
<tr>
<td title='testcases.Linkvalidation.openApplication()'><b>openApplication</b><br>Test class: testcases.Linkvalidation</td>
<td><div><pre>java.lang.AssertionError: did not expect to find [true] but found [false]
	at testcases.Linkvalidation.openApplication(Linkvalidation.java:30)
	at java.base/java.util.concurrent.ThreadPoolExecutor.runWorker(ThreadPoolExecutor.java:1128)
	at java.base/java.util.concurrent.ThreadPoolExecutor$Worker.run(ThreadPoolExecutor.java:628)
	at java.base/java.lang.Thread.run(Thread.java:834)
... Removed 16 stack frames</pre></div><a href='#' onClick='toggleBox("stack-trace1018524131", this, "Click to show all stack frames", "Click to hide stack frames")'>Click to show all stack frames</a>
<div class='stack-trace' id='stack-trace1018524131'><pre>java.lang.AssertionError: did not expect to find [true] but found [false]
	at org.testng.Assert.fail(Assert.java:97)
	at org.testng.Assert.failNotEquals(Assert.java:969)
	at org.testng.Assert.assertTrue(Assert.java:43)
	at org.testng.Assert.assertTrue(Assert.java:53)
	at testcases.Linkvalidation.openApplication(Linkvalidation.java:30)
	at java.base/jdk.internal.reflect.NativeMethodAccessorImpl.invoke0(Native Method)
	at java.base/jdk.internal.reflect.NativeMethodAccessorImpl.invoke(NativeMethodAccessorImpl.java:62)
	at java.base/jdk.internal.reflect.DelegatingMethodAccessorImpl.invoke(DelegatingMethodAccessorImpl.java:43)
	at java.base/java.lang.reflect.Method.invoke(Method.java:566)
	at org.testng.internal.MethodInvocationHelper.invokeMethod(MethodInvocationHelper.java:133)
	at org.testng.internal.TestInvoker.invokeMethod(TestInvoker.java:584)
	at org.testng.internal.TestInvoker.invokeTestMethod(TestInvoker.java:172)
	at org.testng.internal.MethodRunner.runInSequence(MethodRunner.java:46)
	at org.testng.internal.TestInvoker$MethodInvocationAgent.invoke(TestInvoker.java:804)
	at org.testng.internal.TestInvoker.invokeTestMethods(TestInvoker.java:145)
	at org.testng.internal.TestMethodWorker.invokeTestMethods(TestMethodWorker.java:146)
	at org.testng.internal.TestMethodWorker.run(TestMethodWorker.java:128)
	at java.base/java.util.concurrent.ThreadPoolExecutor.runWorker(ThreadPoolExecutor.java:1128)
	at java.base/java.util.concurrent.ThreadPoolExecutor$Worker.run(ThreadPoolExecutor.java:628)
	at java.base/java.lang.Thread.run(Thread.java:834)
</pre></div></td>
<td>14</td>
<td>testcases.Linkvalidation@32910148</td></tr>
</table><p>
<table width='100%' border='1' class='invocation-passed'>
<tr><td colspan='4' align='center'><b>PASSED TESTS</b></td></tr>
<tr><td><b>Test method</b></td>
<td width="30%"><b>Exception</b></td>
<td width="10%"><b>Time (seconds)</b></td>
<td><b>Instance</b></td>
</tr>
<tr>
<td title='testcases.NaukriApp.openApplication()'><b>openApplication</b><br>Test class: testcases.NaukriApp</td>
<td></td>
<td>5</td>
<td>testcases.NaukriApp@7c1e2a9e</td></tr>
<tr>
<td title='testcases.GmailApp.openApplication()'><b>openApplication</b><br>Test class: testcases.GmailApp</td>
<td></td>
<td>9</td>
<td>testcases.GmailApp@6236eb5f</td></tr>
<tr>
<td title='testcases.FacebookApp.openApplication()'><b>openApplication</b><br>Test class: testcases.FacebookApp</td>
<td></td>
<td>12</td>
<td>testcases.FacebookApp@fa36558</td></tr>
<tr>
<td title='testcases.SpicejetApp.openApplication()'><b>openApplication</b><br>Test class: testcases.SpicejetApp</td>
<td></td>
<td>14</td>
<td>testcases.SpicejetApp@672872e1</td></tr>
<tr>
<td title='testcases.NaukriApp.printHelloMessage()'><b>printHelloMessage</b><br>Test class: testcases.NaukriApp</td>
<td></td>
<td>0</td>
<td>testcases.NaukriApp@7c1e2a9e</td></tr>
<tr>
<td title='testcases.FacebookApp.printHelloMessage()'><b>printHelloMessage</b><br>Test class: testcases.FacebookApp</td>
<td></td>
<td>0</td>
<td>testcases.FacebookApp@fa36558</td></tr>
<tr>
<td title='testcases.NaukriApp.printInfo()'><b>printInfo</b><br>Test class: testcases.NaukriApp</td>
<td></td>
<td>2</td>
<td>testcases.NaukriApp@7c1e2a9e</td></tr>
<tr>
<td title='testcases.GmailApp.printInfo()'><b>printInfo</b><br>Test class: testcases.GmailApp</td>
<td></td>
<td>0</td>
<td>testcases.GmailApp@6236eb5f</td></tr>
<tr>
<td title='testcases.FacebookApp.printInfo()'><b>printInfo</b><br>Test class: testcases.FacebookApp</td>
<td></td>
<td>0</td>
<td>testcases.FacebookApp@fa36558</td></tr>
<tr>
<td title='testcases.Linkvalidation.printInfo()'><b>printInfo</b><br>Test class: testcases.Linkvalidation</td>
<td></td>
<td>0</td>
<td>testcases.Linkvalidation@32910148</td></tr>
<tr>
<td title='testcases.NaukriApp.printURL()'><b>printURL</b><br>Test class: testcases.NaukriApp</td>
<td></td>
<td>2</td>
<td>testcases.NaukriApp@7c1e2a9e</td></tr>
<tr>
<td title='testcases.GmailApp.printURL()'><b>printURL</b><br>Test class: testcases.GmailApp</td>
<td></td>
<td>1</td>
<td>testcases.GmailApp@6236eb5f</td></tr>
<tr>
<td title='testcases.FacebookApp.printURL()'><b>printURL</b><br>Test class: testcases.FacebookApp</td>
<td></td>
<td>0</td>
<td>testcases.FacebookApp@fa36558</td></tr>
</table><p>
</body>
</html>