<?xml version="1.0" encoding="UTF-8"?>
<testng-results ignored="0" total="14" passed="13" failed="1" skipped="0">
  <reporter-output>
  </reporter-output>
  <suite started-at="2020-07-08T16:25:47 IST" name="Suite" finished-at="2020-07-08T16:26:17 IST" duration-ms="29866">
    <groups>
    </groups>
    <test started-at="2020-07-08T16:25:47 IST" name="Test" finished-at="2020-07-08T16:26:17 IST" duration-ms="29866">
      <class name="testcases.NaukriApp">
        <test-method is-config="true" signature="tearUp()[pri:0, instance:testcases.NaukriApp@7c1e2a9e]" started-at="2020-07-08T16:25:47 IST" name="tearUp" finished-at="2020-07-08T16:25:59 IST" duration-ms="11166" status="PASS">
          <reporter-output>
          </reporter-output>
        </test-method> <!-- tearUp -->
        <test-method signature="openApplication()[pri:1, instance:testcases.NaukriApp@7c1e2a9e]" started-at="2020-07-08T16:25:59 IST" name="openApplication" finished-at="2020-07-08T16:26:04 IST" duration-ms="5499" status="PASS">
          <reporter-output>
          </reporter-output>
        </test-method> <!-- openApplication -->
        <test-method signature="printInfo()[pri:2, instance:testcases.NaukriApp@7c1e2a9e]" started-at="2020-07-08T16:26:04 IST" name="printInfo" finished-at="2020-07-08T16:26:06 IST" duration-ms="2086" status="PASS">
          <reporter-output>
          </reporter-output>
        </test-method> <!-- printInfo -->
        <test-method signature="printURL()[pri:3, instance:testcases.NaukriApp@7c1e2a9e]" started-at="2020-07-08T16:26:06 IST" name="printURL" finished-at="2020-07-08T16:26:09 IST" duration-ms="2513" status="PASS">
          <reporter-output>
          </reporter-output>
        </test-method> <!-- printURL -->
        <test-method signature="printHelloMessage()[pri:4, instance:testcases.NaukriApp@7c1e2a9e]" started-at="2020-07-08T16:26:09 IST" name="printHelloMessage" finished-at="2020-07-08T16:26:09 IST" duration-ms="6" status="PASS">
          <reporter-output>
          </reporter-output>
        </test-method> <!-- printHelloMessage -->
        <test-method is-config="true" signature="tearDown()[pri:0, instance:testcases.NaukriApp@7c1e2a9e]" started-at="2020-07-08T16:26:09 IST" name="tearDown" finished-at="2020-07-08T16:26:17 IST" duration-ms="8016" status="PASS">
          <reporter-output>
          </reporter-output>
        </test-method> <!-- tearDown -->
      </class> <!-- testcases.NaukriApp -->
      <class name="testcases.Linkvalidation">
        <test-method is-config="true" signature="tearUp()[pri:0, instance:testcases.Linkvalidation@32910148]" started-at="2020-07-08T16:25:47 IST" name="tearUp" finished-at="2020-07-08T16:25:59 IST" duration-ms="11167" status="PASS">
          <reporter-output>
          </reporter-output>
        </test-method> <!-- tearUp -->
        <test-method signature="openApplication()[pri:1, instance:testcases.Linkvalidation@32910148]" started-at="2020-07-08T16:25:59 IST" name="openApplication" finished-at="2020-07-08T16:26:13 IST" duration-ms="14399" status="FAIL">
          <exception class="java.lang.AssertionError">
            <message>
              <![CDATA[did not expect to find [true] but found [false]]]>
            </message>
            <full-stacktrace>
              <![CDATA[java.lang.AssertionError: did not expect to find [true] but found [false]
at org.testng.Assert.fail(Assert.java:97)
at org.testng.Assert.failNotEquals(Assert.java:969)
at org.testng.Assert.assertTrue(Assert.java:43)
at org.testng.Assert.assertTrue(Assert.java:53)
at testcases.Linkvalidation.openApplication(Linkvalidation.java:30)
at java.base/jdk.internal.reflect.NativeMethodAccessorImpl.invoke0(Native Method)
at java.base/jdk.internal.reflect.NativeMethodAccessorImpl.invoke(NativeMethodAccessorImpl.java:62)
at java.base/jdk.internal.reflect.DelegatingMethodAccessorImpl.invoke(DelegatingMethodAccessorImpl.java:43)
at java.base/java.lang.reflect.Method.invoke(Method.java:566)
at org.testng.internal.MethodInvocationHelper.invokeMethod(MethodInvocationHelper.java:133)
at org.testng.internal.TestInvoker.invokeMethod(TestInvoker.java:584)
at org.testng.internal.TestInvoker.invokeTestMethod(TestInvoker.java:172)
at org.testng.internal.MethodRunner.runInSequence(MethodRunner.java:46)
at org.testng.internal.TestInvoker$MethodInvocationAgent.invoke(TestInvoker.java:804)
at org.testng.internal.TestInvoker.invokeTestMethods(TestInvoker.java:145)
at org.testng.internal.TestMethodWorker.invokeTestMethods(TestMethodWorker.java:146)
at org.testng.internal.TestMethodWorker.run(TestMethodWorker.java:128)
at java.base/java.util.concurrent.ThreadPoolExecutor.runWorker(ThreadPoolExecutor.java:1128)
at java.base/java.util.concurrent.ThreadPoolExecutor$Worker.run(ThreadPoolExecutor.java:628)
at java.base/java.lang.Thread.run(Thread.java:834)
]]>
            </full-stacktrace>
          </exception> <!-- java.lang.AssertionError -->
          <reporter-output>
          </reporter-output>
        </test-method> <!-- openApplication -->
        <test-method signature="printInfo()[pri:2, instance:testcases.Linkvalidation@32910148]" started-at="2020-07-08T16:26:14 IST" name="printInfo" finished-at="2020-07-08T16:26:14 IST" duration-ms="11" status="PASS">
          <reporter-output>
          </reporter-output>
        </test-method> <!-- printInfo -->
        <test-method is-config="true" signature="tearDown()[pri:0, instance:testcases.Linkvalidation@32910148]" started-at="2020-07-08T16:26:14 IST" name="tearDown" finished-at="2020-07-08T16:26:17 IST" duration-ms="2830" status="PASS">
          <reporter-output>
          </reporter-output>
        </test-method> <!-- tearDown -->
      </class> <!-- testcases.Linkvalidation -->
      <class name="testcases.GmailApp">
        <test-method is-config="true" signature="tearUp()[pri:0, instance:testcases.GmailApp@6236eb5f]" started-at="2020-07-08T16:25:47 IST" name="tearUp" finished-at="2020-07-08T16:25:59 IST" duration-ms="11862" status="PASS">
          <reporter-output>
          </reporter-output>
        </test-method> <!-- tearUp -->
        <test-method signature="openApplication()[pri:1, instance:testcases.GmailApp@6236eb5f]" started-at="2020-07-08T16:25:59 IST" name="openApplication" finished-at="2020-07-08T16:26:08 IST" duration-ms="9170" status="PASS">
          <reporter-output>
          </reporter-output>
        </test-method> <!-- openApplication -->
        <test-method signature="printInfo()[pri:2, instance:testcases.GmailApp@6236eb5f]" started-at="2020-07-08T16:26:08 IST" name="printInfo" finished-at="2020-07-08T16:26:09 IST" duration-ms="484" status="PASS">
          <reporter-output>
          </reporter-output>
        </test-method> <!-- printInfo -->
        <test-method signature="printURL()[pri:3, instance:testcases.GmailApp@6236eb5f]" started-at="2020-07-08T16:26:09 IST" name="printURL" finished-at="2020-07-08T16:26:10 IST" duration-ms="1018" status="PASS">
          <reporter-output>
          </reporter-output>
        </test-method> <!-- printURL -->
        <test-method is-config="true" signature="tearDown()[pri:0, instance:testcases.GmailApp@6236eb5f]" started-at="2020-07-08T16:26:10 IST" name="tearDown" finished-at="2020-07-08T16:26:17 IST" duration-ms="6915" status="PASS">
          <reporter-output>
          </reporter-output>
        </test-method> <!-- tearDown -->
      </class> <!-- testcases.GmailApp -->
      <class name="testcases.SpicejetApp">
        <test-method is-config="true" signature="tearUp()[pri:0, instance:testcases.SpicejetApp@672872e1]" started-at="2020-07-08T16:25:47 IST" name="tearUp" finished-at="2020-07-08T16:25:58 IST" duration-ms="11126" status="PASS">
          <reporter-output>
          </reporter-output>
        </test-method> <!-- tearUp -->
        <test-method signature="openApplication()[pri:1, instance:testcases.SpicejetApp@672872e1]" started-at="2020-07-08T16:25:59 IST" name="openApplication" finished-at="2020-07-08T16:26:13 IST" duration-ms="14060" status="PASS">
          <reporter-output>
          </reporter-output>
        </test-method> <!-- openApplication -->
        <test-method is-config="true" signature="tearDown()[pri:0, instance:testcases.SpicejetApp@672872e1]" started-at="2020-07-08T16:26:13 IST" name="tearDown" finished-at="2020-07-08T16:26:16 IST" duration-ms="2963" status="PASS">
          <reporter-output>
          </reporter-output>
        </test-method> <!-- tearDown -->
      </class> <!-- testcases.SpicejetApp -->
      <class name="testcases.FacebookApp">
        <test-method is-config="true" signature="tearUp()[pri:0, instance:testcases.FacebookApp@fa36558]" started-at="2020-07-08T16:25:47 IST" name="tearUp" finished-at="2020-07-08T16:25:58 IST" duration-ms="11143" status="PASS">
          <reporter-output>
          </reporter-output>
        </test-method> <!-- tearUp -->
        <test-method signature="openApplication()[pri:1, instance:testcases.FacebookApp@fa36558]" started-at="2020-07-08T16:25:59 IST" name="openApplication" finished-at="2020-07-08T16:26:11 IST" duration-ms="12430" status="PASS">
          <reporter-output>
          </reporter-output>
        </test-method> <!-- openApplication -->
        <test-method signature="printInfo()[pri:2, instance:testcases.FacebookApp@fa36558]" started-at="2020-07-08T16:26:11 IST" name="printInfo" finished-at="2020-07-08T16:26:11 IST" duration-ms="299" status="PASS">
          <reporter-output>
          </reporter-output>
        </test-method> <!-- printInfo -->
        <test-method signature="printURL()[pri:3, instance:testcases.FacebookApp@fa36558]" started-at="2020-07-08T16:26:11 IST" name="printURL" finished-at="2020-07-08T16:26:11 IST" duration-ms="51" status="PASS">
          <reporter-output>
          </reporter-output>
        </test-method> <!-- printURL -->
        <test-method signature="printHelloMessage()[pri:4, instance:testcases.FacebookApp@fa36558]" started-at="2020-07-08T16:26:11 IST" name="printHelloMessage" finished-at="2020-07-08T16:26:11 IST" duration-ms="2" status="PASS">
          <reporter-output>
          </reporter-output>
        </test-method> <!-- printHelloMessage -->
        <test-method is-config="true" signature="tearDown()[pri:0, instance:testcases.FacebookApp@fa36558]" started-at="2020-07-08T16:26:11 IST" name="tearDown" finished-at="2020-07-08T16:26:17 IST" duration-ms="5286" status="PASS">
          <reporter-output>
          </reporter-output>
        </test-method> <!-- tearDown -->
      </class> <!-- testcases.FacebookApp -->
    </test> <!-- Test -->
  </suite> <!-- Suite -->
</testng-results>
